FtcRobotController/build 2/outputs/logs/manifest-merger-debug-report.txt
-- Merging decision tree log ---
manifest
ADDED from src/main/AndroidManifest.xml:2:1-79:12
INJECTED from src/main/AndroidManifest.xml:2:1-79:12
	package
		INJECTED from src/main/AndroidManifest.xml
	android:versionName
		ADDED from src/main/AndroidManifest.xml:5:11-36
	xmlns:tools
		ADDED from src/main/AndroidManifest.xml:3:11-57
	xmlns:android
		ADDED from src/main/AndroidManifest.xml:2:11-69
	android:versionCode
		ADDED from src/main/AndroidManifest.xml:4:5-29
uses-permission#android.permission.RECEIVE_BOOT_COMPLETED
ADDED from src/main/AndroidManifest.xml:7:3-79
	android:name
		ADDED from src/main/AndroidManifest.xml:7:20-76
application
ADDED from src/main/AndroidManifest.xml:9:3-77:17
	android:label
		ADDED from src/main/AndroidManifest.xml:13:5-37
	android:largeHeap
		ADDED from src/main/AndroidManifest.xml:11:5-29
	android:icon
		ADDED from src/main/AndroidManifest.xml:12:5-41
	android:allowBackup
		ADDED from src/main/AndroidManifest.xml:10:5-31
	android:theme
		ADDED from src/main/AndroidManifest.xml:14:5-41
	android:usesCleartextTraffic
		ADDED from src/main/AndroidManifest.xml:15:5-40
meta-data#org.firstinspires.latestSupportedControlHubVersion
ADDED from src/main/AndroidManifest.xml:18:5-20:29
	android:value
		ADDED from src/main/AndroidManifest.xml:20:9-26
	android:name
		ADDED from src/main/AndroidManifest.xml:19:9-74
activity#org.firstinspires.ftc.robotcontroller.internal.PermissionValidatorWrapper
ADDED from src/main/AndroidManifest.xml:23:5-34:16
	android:screenOrientation
		ADDED from src/main/AndroidManifest.xml:24:15-51
	android:label
		ADDED from src/main/AndroidManifest.xml:26:15-47
	android:launchMode
		ADDED from src/main/AndroidManifest.xml:27:15-46
	android:configChanges
		ADDED from src/main/AndroidManifest.xml:25:15-61
	android:name
		ADDED from src/main/AndroidManifest.xml:23:15-103
intent-filter#action:name:android.intent.action.MAIN+category:name:android.intent.category.LAUNCHER
ADDED from src/main/AndroidManifest.xml:29:7-32:23
category#android.intent.category.LAUNCHER
ADDED from src/main/AndroidManifest.xml:30:9-69
	android:name
		ADDED from src/main/AndroidManifest.xml:30:19-66
action#android.intent.action.MAIN
ADDED from src/main/AndroidManifest.xml:31:9-61
	android:name
		ADDED from src/main/AndroidManifest.xml:31:17-58
activity#org.firstinspires.ftc.robotcontroller.internal.FtcRobotControllerActivity
ADDED from src/main/AndroidManifest.xml:36:5-55:16
	android:screenOrientation
		ADDED from src/main/AndroidManifest.xml:38:7-43
	android:label
		ADDED from src/main/AndroidManifest.xml:40:7-39
	android:launchMode
		ADDED from src/main/AndroidManifest.xml:41:7-38
	android:configChanges
		ADDED from src/main/AndroidManifest.xml:39:7-53
	android:name
		ADDED from src/main/AndroidManifest.xml:37:7-95
intent-filter#action:name:android.hardware.usb.action.USB_DEVICE_ATTACHED
ADDED from src/main/AndroidManifest.xml:43:7-45:23
action#android.hardware.usb.action.USB_DEVICE_ATTACHED
ADDED from src/main/AndroidManifest.xml:44:9-82
	android:name
		ADDED from src/main/AndroidManifest.xml:44:17-79
meta-data#android.hardware.usb.action.USB_DEVICE_ATTACHED
ADDED from src/main/AndroidManifest.xml:47:7-49:49
	android:resource
		ADDED from src/main/AndroidManifest.xml:49:9-46
	android:name
		ADDED from src/main/AndroidManifest.xml:48:9-71
meta-data#org.firstinspires.main.entry
ADDED from src/main/AndroidManifest.xml:52:7-54:34
	android:value
		ADDED from src/main/AndroidManifest.xml:54:11-31
	android:name
		ADDED from src/main/AndroidManifest.xml:53:11-54
service#com.qualcomm.ftccommon.FtcRobotControllerService
ADDED from src/main/AndroidManifest.xml:58:5-60:32
	android:enabled
		ADDED from src/main/AndroidManifest.xml:60:7-29
	android:name
		ADDED from src/main/AndroidManifest.xml:59:7-70
receiver#org.firstinspires.ftc.ftccommon.internal.RunOnBoot
ADDED from src/main/AndroidManifest.xml:64:5-75:16
	android:enabled
		ADDED from src/main/AndroidManifest.xml:65:7-29
	android:exported
		ADDED from src/main/AndroidManifest.xml:66:7-30
	android:permission
		ADDED from src/main/AndroidManifest.xml:68:7-69
	android:name
		ADDED from src/main/AndroidManifest.xml:67:7-72
intent-filter#action:name:android.intent.action.BOOT_COMPLETED+action:name:android.intent.action.QUICKBOOT_POWERON+category:name:android.intent.category.DEFAULT
ADDED from src/main/AndroidManifest.xml:70:7-74:23
category#android.intent.category.DEFAULT
ADDED from src/main/AndroidManifest.xml:71:9-68
	android:name
		ADDED from src/main/AndroidManifest.xml:71:19-65
action#android.intent.action.BOOT_COMPLETED
ADDED from src/main/AndroidManifest.xml:72:9-71
	android:name
		ADDED from src/main/AndroidManifest.xml:72:17-68
action#android.intent.action.QUICKBOOT_POWERON
ADDED from src/main/AndroidManifest.xml:73:9-74
	android:name
		ADDED from src/main/AndroidManifest.xml:73:17-71
uses-sdk
INJECTED from src/main/AndroidManifest.xml reason: use-sdk injection requested
INJECTED from src/main/AndroidManifest.xml
INJECTED from src/main/AndroidManifest.xml
	android:targetSdkVersion
		INJECTED from src/main/AndroidManifest.xml
	android:minSdkVersion
		INJECTED from src/main/AndroidManifest.xml